mode: atomic
github.com/pivotal-gss/mock-data/engine.go:25.48,26.38 1 84248
github.com/pivotal-gss/mock-data/engine.go:26.38,28.3 1 10412
github.com/pivotal-gss/mock-data/engine.go:28.8,28.47 1 73836
github.com/pivotal-gss/mock-data/engine.go:28.47,30.3 1 7759
github.com/pivotal-gss/mock-data/engine.go:30.8,30.42 1 66077
github.com/pivotal-gss/mock-data/engine.go:30.42,32.3 1 2044
github.com/pivotal-gss/mock-data/engine.go:32.8,32.47 1 64033
github.com/pivotal-gss/mock-data/engine.go:32.47,34.3 1 8506
github.com/pivotal-gss/mock-data/engine.go:34.8,34.50 1 55527
github.com/pivotal-gss/mock-data/engine.go:34.50,36.3 1 3890
github.com/pivotal-gss/mock-data/engine.go:36.8,36.57 1 51637
github.com/pivotal-gss/mock-data/engine.go:36.57,38.3 1 1610
github.com/pivotal-gss/mock-data/engine.go:38.8,38.44 1 50027
github.com/pivotal-gss/mock-data/engine.go:38.44,40.3 1 4426
github.com/pivotal-gss/mock-data/engine.go:40.8,40.45 1 45601
github.com/pivotal-gss/mock-data/engine.go:40.45,42.3 1 3082
github.com/pivotal-gss/mock-data/engine.go:42.8,42.42 1 42519
github.com/pivotal-gss/mock-data/engine.go:42.42,44.3 1 1976
github.com/pivotal-gss/mock-data/engine.go:44.8,44.44 1 40543
github.com/pivotal-gss/mock-data/engine.go:44.44,46.3 1 2
github.com/pivotal-gss/mock-data/engine.go:46.8,46.43 1 40541
github.com/pivotal-gss/mock-data/engine.go:46.43,48.3 1 1039
github.com/pivotal-gss/mock-data/engine.go:48.8,48.47 1 39502
github.com/pivotal-gss/mock-data/engine.go:48.47,50.3 1 6166
github.com/pivotal-gss/mock-data/engine.go:50.8,50.45 1 33336
github.com/pivotal-gss/mock-data/engine.go:50.45,52.3 1 3350
github.com/pivotal-gss/mock-data/engine.go:52.8,52.41 1 29986
github.com/pivotal-gss/mock-data/engine.go:52.41,54.3 1 3488
github.com/pivotal-gss/mock-data/engine.go:54.8,54.42 1 26498
github.com/pivotal-gss/mock-data/engine.go:54.42,56.3 1 1744
github.com/pivotal-gss/mock-data/engine.go:56.8,56.45 1 24754
github.com/pivotal-gss/mock-data/engine.go:56.45,58.3 1 1074
github.com/pivotal-gss/mock-data/engine.go:58.8,58.42 1 23680
github.com/pivotal-gss/mock-data/engine.go:58.42,60.3 1 2950
github.com/pivotal-gss/mock-data/engine.go:60.8,60.41 1 20730
github.com/pivotal-gss/mock-data/engine.go:60.41,62.3 1 2816
github.com/pivotal-gss/mock-data/engine.go:62.8,62.45 1 17914
github.com/pivotal-gss/mock-data/engine.go:62.45,64.3 1 1744
github.com/pivotal-gss/mock-data/engine.go:64.8,64.46 1 16170
github.com/pivotal-gss/mock-data/engine.go:64.46,66.3 1 1442
github.com/pivotal-gss/mock-data/engine.go:66.8,66.44 1 14728
github.com/pivotal-gss/mock-data/engine.go:66.44,68.3 1 1610
github.com/pivotal-gss/mock-data/engine.go:68.8,68.51 1 13118
github.com/pivotal-gss/mock-data/engine.go:68.51,70.3 1 1074
github.com/pivotal-gss/mock-data/engine.go:70.8,70.53 1 12044
github.com/pivotal-gss/mock-data/engine.go:70.53,72.3 1 11940
github.com/pivotal-gss/mock-data/engine.go:72.8,74.3 1 104
github.com/pivotal-gss/mock-data/engine.go:78.51,80.15 2 10418
github.com/pivotal-gss/mock-data/engine.go:83.2,84.19 2 8000
github.com/pivotal-gss/mock-data/engine.go:80.15,82.3 1 2418
github.com/pivotal-gss/mock-data/engine.go:88.53,90.16 2 7767
github.com/pivotal-gss/mock-data/engine.go:93.2,94.15 2 7767
github.com/pivotal-gss/mock-data/engine.go:97.2,97.29 1 6017
github.com/pivotal-gss/mock-data/engine.go:90.16,92.3 1 0
github.com/pivotal-gss/mock-data/engine.go:94.15,96.3 1 1750
github.com/pivotal-gss/mock-data/engine.go:101.48,103.15 2 2046
github.com/pivotal-gss/mock-data/engine.go:106.2,106.37 1 972
github.com/pivotal-gss/mock-data/engine.go:103.15,105.3 1 1074
github.com/pivotal-gss/mock-data/engine.go:110.53,112.40 2 8514
github.com/pivotal-gss/mock-data/engine.go:129.2,129.16 1 2
github.com/pivotal-gss/mock-data/engine.go:112.40,113.16 1 4350
github.com/pivotal-gss/mock-data/engine.go:116.3,116.43 1 3008
github.com/pivotal-gss/mock-data/engine.go:113.16,115.4 1 1342
github.com/pivotal-gss/mock-data/engine.go:117.8,117.44 1 4164
github.com/pivotal-gss/mock-data/engine.go:117.44,118.16 1 2148
github.com/pivotal-gss/mock-data/engine.go:121.3,121.45 1 1074
github.com/pivotal-gss/mock-data/engine.go:118.16,120.4 1 1074
github.com/pivotal-gss/mock-data/engine.go:122.8,123.75 1 2016
github.com/pivotal-gss/mock-data/engine.go:123.75,124.16 1 2014
github.com/pivotal-gss/mock-data/engine.go:127.3,127.83 1 2012
github.com/pivotal-gss/mock-data/engine.go:124.16,126.4 1 2
github.com/pivotal-gss/mock-data/engine.go:133.54,135.15 2 1612
github.com/pivotal-gss/mock-data/engine.go:138.2,138.39 1 1074
github.com/pivotal-gss/mock-data/engine.go:135.15,137.3 1 538
github.com/pivotal-gss/mock-data/engine.go:142.52,144.15 2 3894
github.com/pivotal-gss/mock-data/engine.go:147.2,147.37 1 2014
github.com/pivotal-gss/mock-data/engine.go:144.15,146.3 1 1880
github.com/pivotal-gss/mock-data/engine.go:151.47,153.15 2 4430
github.com/pivotal-gss/mock-data/engine.go:156.2,156.24 1 1880
github.com/pivotal-gss/mock-data/engine.go:153.15,155.3 1 2550
github.com/pivotal-gss/mock-data/engine.go:160.51,162.15 2 3084
github.com/pivotal-gss/mock-data/engine.go:165.2,165.29 1 2010
github.com/pivotal-gss/mock-data/engine.go:162.15,164.3 1 1074
github.com/pivotal-gss/mock-data/engine.go:169.48,171.15 2 1978
github.com/pivotal-gss/mock-data/engine.go:174.2,174.32 1 1340
github.com/pivotal-gss/mock-data/engine.go:171.15,173.3 1 638
github.com/pivotal-gss/mock-data/engine.go:178.50,180.15 2 4
github.com/pivotal-gss/mock-data/engine.go:183.2,183.28 1 2
github.com/pivotal-gss/mock-data/engine.go:180.15,182.3 1 2
github.com/pivotal-gss/mock-data/engine.go:187.49,189.2 1 1039
github.com/pivotal-gss/mock-data/engine.go:192.49,194.15 2 6172
github.com/pivotal-gss/mock-data/engine.go:197.2,197.54 1 3486
github.com/pivotal-gss/mock-data/engine.go:194.15,196.3 1 2686
github.com/pivotal-gss/mock-data/engine.go:201.51,205.15 4 3352
github.com/pivotal-gss/mock-data/engine.go:208.2,208.50 1 1608
github.com/pivotal-gss/mock-data/engine.go:205.15,207.3 1 1744
github.com/pivotal-gss/mock-data/engine.go:212.47,214.16 2 3492
github.com/pivotal-gss/mock-data/engine.go:217.2,218.15 2 3492
github.com/pivotal-gss/mock-data/engine.go:221.2,221.26 1 1746
github.com/pivotal-gss/mock-data/engine.go:214.16,216.3 1 0
github.com/pivotal-gss/mock-data/engine.go:218.15,220.3 1 1746
github.com/pivotal-gss/mock-data/engine.go:225.48,227.15 2 1746
github.com/pivotal-gss/mock-data/engine.go:230.2,230.26 1 940
github.com/pivotal-gss/mock-data/engine.go:227.15,229.3 1 806
github.com/pivotal-gss/mock-data/engine.go:234.51,236.15 2 1076
github.com/pivotal-gss/mock-data/engine.go:239.2,239.32 1 672
github.com/pivotal-gss/mock-data/engine.go:236.15,238.3 1 404
github.com/pivotal-gss/mock-data/engine.go:243.48,245.15 2 2952
github.com/pivotal-gss/mock-data/engine.go:248.2,248.31 1 1074
github.com/pivotal-gss/mock-data/engine.go:245.15,247.3 1 1878
github.com/pivotal-gss/mock-data/engine.go:252.47,254.15 2 2818
github.com/pivotal-gss/mock-data/engine.go:257.2,257.30 1 1342
github.com/pivotal-gss/mock-data/engine.go:254.15,256.3 1 1476
github.com/pivotal-gss/mock-data/engine.go:261.51,263.15 2 1746
github.com/pivotal-gss/mock-data/engine.go:266.2,266.29 1 672
github.com/pivotal-gss/mock-data/engine.go:263.15,265.3 1 1074
github.com/pivotal-gss/mock-data/engine.go:270.52,272.15 2 1444
github.com/pivotal-gss/mock-data/engine.go:275.2,275.30 1 1040
github.com/pivotal-gss/mock-data/engine.go:272.15,274.3 1 404
github.com/pivotal-gss/mock-data/engine.go:279.48,281.15 2 1612
github.com/pivotal-gss/mock-data/engine.go:284.2,284.25 1 672
github.com/pivotal-gss/mock-data/engine.go:281.15,283.3 1 940
github.com/pivotal-gss/mock-data/engine.go:288.56,290.15 2 1076
github.com/pivotal-gss/mock-data/engine.go:293.2,293.26 1 806
github.com/pivotal-gss/mock-data/engine.go:290.15,292.3 1 270
github.com/pivotal-gss/mock-data/engine.go:297.52,299.37 2 11954
github.com/pivotal-gss/mock-data/engine.go:304.2,305.15 2 11954
github.com/pivotal-gss/mock-data/engine.go:308.2,308.55 1 6178
github.com/pivotal-gss/mock-data/engine.go:299.37,301.3 1 1344
github.com/pivotal-gss/mock-data/engine.go:301.8,303.3 1 10610
github.com/pivotal-gss/mock-data/engine.go:305.15,307.3 1 5776
github.com/pivotal-gss/mock-data/engine.go:312.42,315.26 3 2025
github.com/pivotal-gss/mock-data/engine.go:318.2,319.16 2 2021
github.com/pivotal-gss/mock-data/engine.go:315.26,317.3 1 4
github.com/pivotal-gss/mock-data/engine.go:323.55,325.16 2 3356
github.com/pivotal-gss/mock-data/engine.go:328.2,328.28 1 3354
github.com/pivotal-gss/mock-data/engine.go:325.16,327.3 1 2
github.com/pivotal-gss/mock-data/engine.go:332.50,333.33 1 83189
github.com/pivotal-gss/mock-data/engine.go:337.2,337.18 1 49641
github.com/pivotal-gss/mock-data/engine.go:333.33,336.3 2 33548
github.com/pivotal-gss/mock-data/engine.go:341.74,347.36 4 24419
github.com/pivotal-gss/mock-data/engine.go:358.2,358.74 1 24419
github.com/pivotal-gss/mock-data/engine.go:347.36,349.34 2 36557
github.com/pivotal-gss/mock-data/engine.go:356.3,356.86 1 36557
github.com/pivotal-gss/mock-data/engine.go:349.34,351.18 2 109752
github.com/pivotal-gss/mock-data/engine.go:354.4,354.44 1 109752
github.com/pivotal-gss/mock-data/engine.go:351.18,353.5 1 0
github.com/pivotal-gss/mock-data/engine.go:362.88,363.17 1 109773
github.com/pivotal-gss/mock-data/engine.go:363.17,365.3 1 10876
github.com/pivotal-gss/mock-data/engine.go:365.8,365.27 1 98897
github.com/pivotal-gss/mock-data/engine.go:365.27,367.3 1 7770
github.com/pivotal-gss/mock-data/engine.go:367.8,367.25 1 91127
github.com/pivotal-gss/mock-data/engine.go:367.25,369.3 1 4726
github.com/pivotal-gss/mock-data/engine.go:369.8,369.30 1 86401
github.com/pivotal-gss/mock-data/engine.go:369.30,371.3 1 5854
github.com/pivotal-gss/mock-data/engine.go:371.8,371.32 1 80547
github.com/pivotal-gss/mock-data/engine.go:371.32,373.3 1 4869
github.com/pivotal-gss/mock-data/engine.go:373.8,373.44 1 75678
github.com/pivotal-gss/mock-data/engine.go:373.44,375.3 1 7
github.com/pivotal-gss/mock-data/engine.go:375.8,375.25 1 75671
github.com/pivotal-gss/mock-data/engine.go:375.25,377.3 1 8372
github.com/pivotal-gss/mock-data/engine.go:377.8,377.26 1 67299
github.com/pivotal-gss/mock-data/engine.go:377.26,380.3 2 12152
github.com/pivotal-gss/mock-data/engine.go:380.8,380.33 1 55147
github.com/pivotal-gss/mock-data/engine.go:380.33,384.3 3 7987
github.com/pivotal-gss/mock-data/engine.go:384.8,384.24 1 47160
github.com/pivotal-gss/mock-data/engine.go:384.24,386.3 1 7925
github.com/pivotal-gss/mock-data/engine.go:386.8,386.25 1 39235
github.com/pivotal-gss/mock-data/engine.go:386.25,388.3 1 2869
github.com/pivotal-gss/mock-data/engine.go:388.8,388.27 1 36366
github.com/pivotal-gss/mock-data/engine.go:388.27,390.3 1 9
github.com/pivotal-gss/mock-data/engine.go:390.8,390.27 1 36357
github.com/pivotal-gss/mock-data/engine.go:390.27,392.3 1 2436
github.com/pivotal-gss/mock-data/engine.go:392.8,392.25 1 33921
github.com/pivotal-gss/mock-data/engine.go:392.25,393.22 1 4929
github.com/pivotal-gss/mock-data/engine.go:396.3,396.22 1 2487
github.com/pivotal-gss/mock-data/engine.go:393.22,395.4 1 2442
github.com/pivotal-gss/mock-data/engine.go:397.8,397.23 1 28992
github.com/pivotal-gss/mock-data/engine.go:397.23,399.3 1 11600
github.com/pivotal-gss/mock-data/engine.go:399.8,399.28 1 17392
github.com/pivotal-gss/mock-data/engine.go:399.28,401.3 1 1736
github.com/pivotal-gss/mock-data/engine.go:401.8,401.25 1 15656
github.com/pivotal-gss/mock-data/engine.go:401.25,403.3 1 3571
github.com/pivotal-gss/mock-data/engine.go:403.8,403.34 1 12085
github.com/pivotal-gss/mock-data/engine.go:403.34,405.3 1 1212
github.com/pivotal-gss/mock-data/engine.go:405.8,405.27 1 10873
github.com/pivotal-gss/mock-data/engine.go:405.27,407.3 1 4166
github.com/pivotal-gss/mock-data/engine.go:407.8,407.28 1 6707
github.com/pivotal-gss/mock-data/engine.go:407.28,409.3 1 4859
github.com/pivotal-gss/mock-data/engine.go:409.8,409.29 1 1848
github.com/pivotal-gss/mock-data/engine.go:409.29,411.3 1 1847
github.com/pivotal-gss/mock-data/engine.go:411.8,413.3 1 1
github.com/pivotal-gss/mock-data/engine.go:417.70,422.27 3 5783
github.com/pivotal-gss/mock-data/engine.go:432.2,432.60 1 5783
github.com/pivotal-gss/mock-data/engine.go:422.27,425.3 2 539
github.com/pivotal-gss/mock-data/engine.go:425.8,426.38 1 5244
github.com/pivotal-gss/mock-data/engine.go:426.38,429.4 2 15651
github.com/pivotal-gss/mock-data/engine.go:436.46,441.37 4 3358
github.com/pivotal-gss/mock-data/engine.go:452.2,452.60 1 3358
github.com/pivotal-gss/mock-data/engine.go:441.37,443.13 1 9981
github.com/pivotal-gss/mock-data/engine.go:450.3,450.43 1 9981
github.com/pivotal-gss/mock-data/engine.go:444.15,445.51 1 5579
github.com/pivotal-gss/mock-data/engine.go:446.14,447.50 1 4399
github.com/pivotal-gss/mock-data/engine.go:456.52,461.26 2 105
github.com/pivotal-gss/mock-data/engine.go:466.2,467.37 2 101
github.com/pivotal-gss/mock-data/engine.go:461.26,463.3 1 4
github.com/pivotal-gss/mock-data/fileManager.go:10.24,11.49 1 12
github.com/pivotal-gss/mock-data/fileManager.go:11.49,13.17 2 1
github.com/pivotal-gss/mock-data/fileManager.go:13.17,15.4 1 0
github.com/pivotal-gss/mock-data/fileManager.go:20.57,23.16 2 843
github.com/pivotal-gss/mock-data/fileManager.go:28.2,31.52 2 843
github.com/pivotal-gss/mock-data/fileManager.go:35.2,35.12 1 843
github.com/pivotal-gss/mock-data/fileManager.go:23.16,25.3 1 0
github.com/pivotal-gss/mock-data/fileManager.go:31.52,33.3 1 0
github.com/pivotal-gss/mock-data/fileManager.go:39.53,41.2 1 41
github.com/pivotal-gss/mock-data/fileManager.go:44.50,49.16 3 50
github.com/pivotal-gss/mock-data/fileManager.go:52.2,56.21 3 50
github.com/pivotal-gss/mock-data/fileManager.go:60.2,60.38 1 50
github.com/pivotal-gss/mock-data/fileManager.go:63.2,63.26 1 50
github.com/pivotal-gss/mock-data/fileManager.go:49.16,51.3 1 0
github.com/pivotal-gss/mock-data/fileManager.go:56.21,58.3 1 3232
github.com/pivotal-gss/mock-data/fileManager.go:60.38,62.3 1 0
github.com/pivotal-gss/mock-data/fileManager.go:67.32,69.16 2 2
github.com/pivotal-gss/mock-data/fileManager.go:72.2,72.12 1 2
github.com/pivotal-gss/mock-data/fileManager.go:69.16,71.3 1 0
github.com/pivotal-gss/mock-data/datatypes.go:6.36,92.2 1 3391
github.com/pivotal-gss/mock-data/datatypes.go:95.42,218.16 3 1
github.com/pivotal-gss/mock-data/datatypes.go:221.2,221.12 1 1
github.com/pivotal-gss/mock-data/datatypes.go:218.16,220.3 1 0
github.com/pivotal-gss/mock-data/mock.go:16.13,19.16 2 0
github.com/pivotal-gss/mock-data/mock.go:19.16,21.3 1 0
github.com/pivotal-gss/mock-data/schema.go:6.19,13.39 4 1
github.com/pivotal-gss/mock-data/schema.go:20.2,20.19 1 1
github.com/pivotal-gss/mock-data/schema.go:13.39,15.3 1 1
github.com/pivotal-gss/mock-data/schema.go:15.8,17.3 1 0
github.com/pivotal-gss/mock-data/worker.go:23.35,27.21 2 10
github.com/pivotal-gss/mock-data/worker.go:27.21,30.35 3 10
github.com/pivotal-gss/mock-data/worker.go:30.35,32.4 1 9
github.com/pivotal-gss/mock-data/worker.go:33.8,35.3 1 0
github.com/pivotal-gss/mock-data/worker.go:39.37,44.28 2 10
github.com/pivotal-gss/mock-data/worker.go:50.2,54.22 2 10
github.com/pivotal-gss/mock-data/worker.go:44.28,46.3 1 0
github.com/pivotal-gss/mock-data/worker.go:54.22,56.3 1 10
github.com/pivotal-gss/mock-data/worker.go:56.8,58.3 1 0
github.com/pivotal-gss/mock-data/worker.go:62.59,70.27 5 13
github.com/pivotal-gss/mock-data/worker.go:99.2,99.19 1 13
github.com/pivotal-gss/mock-data/worker.go:70.27,72.40 2 356
github.com/pivotal-gss/mock-data/worker.go:81.3,81.24 1 356
github.com/pivotal-gss/mock-data/worker.go:87.3,87.29 1 356
github.com/pivotal-gss/mock-data/worker.go:94.3,94.27 1 356
github.com/pivotal-gss/mock-data/worker.go:97.3,97.17 1 356
github.com/pivotal-gss/mock-data/worker.go:72.40,74.4 1 356
github.com/pivotal-gss/mock-data/worker.go:74.9,76.4 1 0
github.com/pivotal-gss/mock-data/worker.go:81.24,83.4 1 4
github.com/pivotal-gss/mock-data/worker.go:87.29,88.30 1 1895
github.com/pivotal-gss/mock-data/worker.go:88.30,90.5 1 1810
github.com/pivotal-gss/mock-data/worker.go:94.27,96.4 1 353
github.com/pivotal-gss/mock-data/worker.go:103.69,110.27 4 10
github.com/pivotal-gss/mock-data/worker.go:120.2,125.64 3 10
github.com/pivotal-gss/mock-data/worker.go:110.27,117.3 3 247
github.com/pivotal-gss/mock-data/worker.go:129.36,143.39 7 247
github.com/pivotal-gss/mock-data/worker.go:143.39,148.31 3 16444
github.com/pivotal-gss/mock-data/worker.go:166.3,167.17 2 16442
github.com/pivotal-gss/mock-data/worker.go:148.31,150.18 2 84042
github.com/pivotal-gss/mock-data/worker.go:161.4,162.45 2 84040
github.com/pivotal-gss/mock-data/worker.go:150.18,151.74 1 2
github.com/pivotal-gss/mock-data/worker.go:151.74,156.30 4 2
github.com/pivotal-gss/mock-data/worker.go:157.11,159.6 1 0
github.com/pivotal-gss/mock-data/worker.go:172.67,179.16 3 16473
github.com/pivotal-gss/mock-data/worker.go:179.16,184.3 4 0
github.com/pivotal-gss/mock-data/worker.go:188.67,194.32 4 5
github.com/pivotal-gss/mock-data/worker.go:194.32,196.3 1 4
github.com/pivotal-gss/mock-data/worker.go:200.36,201.35 1 11
github.com/pivotal-gss/mock-data/worker.go:201.35,208.31 4 7
github.com/pivotal-gss/mock-data/worker.go:208.31,212.18 4 469
github.com/pivotal-gss/mock-data/worker.go:215.4,216.18 2 469
github.com/pivotal-gss/mock-data/worker.go:212.18,214.5 1 0
github.com/pivotal-gss/mock-data/worker.go:222.43,223.46 1 1902
github.com/pivotal-gss/mock-data/worker.go:226.2,226.14 1 1812
github.com/pivotal-gss/mock-data/worker.go:223.46,225.3 1 90
github.com/pivotal-gss/mock-data/worker.go:230.51,232.2 1 809
github.com/pivotal-gss/mock-data/worker.go:235.26,236.25 1 10
github.com/pivotal-gss/mock-data/worker.go:236.25,239.3 1 2
github.com/pivotal-gss/mock-data/constraintsBackup.go:19.18,27.2 4 10
github.com/pivotal-gss/mock-data/constraintsBackup.go:30.26,32.37 2 11
github.com/pivotal-gss/mock-data/constraintsBackup.go:32.37,35.36 3 44
github.com/pivotal-gss/mock-data/constraintsBackup.go:35.36,43.18 3 388
github.com/pivotal-gss/mock-data/constraintsBackup.go:46.4,46.81 1 388
github.com/pivotal-gss/mock-data/constraintsBackup.go:43.18,45.5 1 0
github.com/pivotal-gss/mock-data/constraintsBackup.go:52.22,56.28 4 11
github.com/pivotal-gss/mock-data/constraintsBackup.go:56.28,59.3 2 208
github.com/pivotal-gss/mock-data/constraintsBackup.go:63.70,65.16 2 606
github.com/pivotal-gss/mock-data/constraintsBackup.go:68.2,69.44 1 606
github.com/pivotal-gss/mock-data/constraintsBackup.go:65.16,67.3 1 0
github.com/pivotal-gss/mock-data/constraintsBackup.go:73.55,74.9 1 392
github.com/pivotal-gss/mock-data/constraintsBackup.go:90.2,90.16 1 0
github.com/pivotal-gss/mock-data/constraintsBackup.go:76.38,77.22 1 23
github.com/pivotal-gss/mock-data/constraintsBackup.go:79.38,80.24 1 171
github.com/pivotal-gss/mock-data/constraintsBackup.go:82.38,83.24 1 187
github.com/pivotal-gss/mock-data/constraintsBackup.go:85.38,86.23 1 11
github.com/pivotal-gss/mock-data/constraintsBackup.go:87.10,88.69 1 0
github.com/pivotal-gss/mock-data/constraintsBackup.go:95.38,103.32 4 262
github.com/pivotal-gss/mock-data/constraintsBackup.go:103.32,105.34 1 124
github.com/pivotal-gss/mock-data/constraintsBackup.go:112.3,113.17 2 124
github.com/pivotal-gss/mock-data/constraintsBackup.go:105.34,107.4 1 44
github.com/pivotal-gss/mock-data/constraintsBackup.go:107.9,109.4 1 80
github.com/pivotal-gss/mock-data/constraintsBackup.go:113.17,119.4 3 36
github.com/pivotal-gss/mock-data/skeletons.go:4.28,6.2 1 6656
github.com/pivotal-gss/mock-data/skeletons.go:9.27,11.2 1 5744
github.com/pivotal-gss/mock-data/skeletons.go:14.32,38.2 1 18
github.com/pivotal-gss/mock-data/skeletons.go:41.36,1659.2 2 18
github.com/pivotal-gss/mock-data/skeletons.go:1662.37,2222.2 2 0
github.com/pivotal-gss/mock-data/sql.go:66.18,78.16 7 1
github.com/pivotal-gss/mock-data/sql.go:82.2,83.23 2 1
github.com/pivotal-gss/mock-data/sql.go:78.16,81.3 2 0
github.com/pivotal-gss/mock-data/sql.go:87.28,93.16 4 34
github.com/pivotal-gss/mock-data/sql.go:97.2,97.62 1 34
github.com/pivotal-gss/mock-data/sql.go:93.16,95.3 1 34
github.com/pivotal-gss/mock-data/sql.go:101.55,134.16 8 23
github.com/pivotal-gss/mock-data/sql.go:139.2,139.15 1 23
github.com/pivotal-gss/mock-data/sql.go:134.16,137.3 2 0
github.com/pivotal-gss/mock-data/sql.go:143.51,173.16 8 0
github.com/pivotal-gss/mock-data/sql.go:178.2,178.15 1 0
github.com/pivotal-gss/mock-data/sql.go:173.16,176.3 2 0
github.com/pivotal-gss/mock-data/sql.go:182.64,212.16 9 373
github.com/pivotal-gss/mock-data/sql.go:217.2,217.15 1 373
github.com/pivotal-gss/mock-data/sql.go:212.16,215.3 2 0
github.com/pivotal-gss/mock-data/sql.go:221.60,254.16 9 0
github.com/pivotal-gss/mock-data/sql.go:259.2,259.15 1 0
github.com/pivotal-gss/mock-data/sql.go:254.16,257.3 2 0
github.com/pivotal-gss/mock-data/sql.go:263.58,289.16 8 48
github.com/pivotal-gss/mock-data/sql.go:293.2,293.15 1 48
github.com/pivotal-gss/mock-data/sql.go:289.16,292.3 2 0
github.com/pivotal-gss/mock-data/sql.go:297.32,323.16 7 12
github.com/pivotal-gss/mock-data/sql.go:328.2,328.15 1 12
github.com/pivotal-gss/mock-data/sql.go:323.16,326.3 2 0
github.com/pivotal-gss/mock-data/sql.go:332.66,387.16 8 359
github.com/pivotal-gss/mock-data/sql.go:392.2,392.15 1 359
github.com/pivotal-gss/mock-data/sql.go:387.16,391.3 2 0
github.com/pivotal-gss/mock-data/sql.go:396.74,415.16 10 38
github.com/pivotal-gss/mock-data/sql.go:421.2,421.15 1 38
github.com/pivotal-gss/mock-data/sql.go:415.16,419.3 2 0
github.com/pivotal-gss/mock-data/sql.go:425.47,434.16 6 525
github.com/pivotal-gss/mock-data/sql.go:440.2,440.14 1 525
github.com/pivotal-gss/mock-data/sql.go:434.16,438.3 3 0
github.com/pivotal-gss/mock-data/sql.go:444.45,446.2 1 552
github.com/pivotal-gss/mock-data/sql.go:449.56,459.16 7 25
github.com/pivotal-gss/mock-data/sql.go:465.2,465.15 1 25
github.com/pivotal-gss/mock-data/sql.go:459.16,463.3 3 0
github.com/pivotal-gss/mock-data/sql.go:469.61,481.16 4 65
github.com/pivotal-gss/mock-data/sql.go:486.2,486.11 1 65
github.com/pivotal-gss/mock-data/sql.go:481.16,485.3 3 0
github.com/pivotal-gss/mock-data/sql.go:490.43,500.2 2 299
github.com/pivotal-gss/mock-data/sql.go:503.46,513.16 7 270
github.com/pivotal-gss/mock-data/sql.go:519.2,519.14 1 270
github.com/pivotal-gss/mock-data/sql.go:513.16,517.3 3 0
github.com/pivotal-gss/mock-data/sql.go:523.32,532.16 6 476
github.com/pivotal-gss/mock-data/sql.go:538.2,538.14 1 476
github.com/pivotal-gss/mock-data/sql.go:532.16,536.3 3 0
github.com/pivotal-gss/mock-data/sql.go:542.54,552.16 7 27
github.com/pivotal-gss/mock-data/sql.go:558.2,558.15 1 27
github.com/pivotal-gss/mock-data/sql.go:552.16,556.3 3 0
github.com/pivotal-gss/mock-data/sql.go:562.66,573.16 4 1956
github.com/pivotal-gss/mock-data/sql.go:573.16,577.3 3 0
github.com/pivotal-gss/mock-data/sql.go:581.69,596.16 5 135
github.com/pivotal-gss/mock-data/sql.go:600.2,600.12 1 9
github.com/pivotal-gss/mock-data/sql.go:596.16,599.3 2 126
github.com/pivotal-gss/mock-data/sql.go:604.50,628.16 8 106
github.com/pivotal-gss/mock-data/sql.go:633.2,633.15 1 106
github.com/pivotal-gss/mock-data/sql.go:628.16,631.3 2 0
github.com/pivotal-gss/mock-data/logger.go:14.38,16.2 1 0
github.com/pivotal-gss/mock-data/logger.go:19.50,21.2 1 0
github.com/pivotal-gss/mock-data/logger.go:24.33,25.39 1 84
github.com/pivotal-gss/mock-data/logger.go:25.39,27.23 2 0
github.com/pivotal-gss/mock-data/logger.go:30.3,30.23 1 0
github.com/pivotal-gss/mock-data/logger.go:27.23,29.4 1 0
github.com/pivotal-gss/mock-data/logger.go:35.49,36.39 1 3905
github.com/pivotal-gss/mock-data/logger.go:36.39,38.23 2 0
github.com/pivotal-gss/mock-data/logger.go:41.3,41.32 1 0
github.com/pivotal-gss/mock-data/logger.go:38.23,40.4 1 0
github.com/pivotal-gss/mock-data/logger.go:46.32,47.38 1 23
github.com/pivotal-gss/mock-data/logger.go:47.38,49.23 2 23
github.com/pivotal-gss/mock-data/logger.go:52.3,52.22 1 23
github.com/pivotal-gss/mock-data/logger.go:49.23,51.4 1 0
github.com/pivotal-gss/mock-data/logger.go:57.48,58.38 1 175
github.com/pivotal-gss/mock-data/logger.go:58.38,60.23 2 175
github.com/pivotal-gss/mock-data/logger.go:63.3,63.31 1 175
github.com/pivotal-gss/mock-data/logger.go:60.23,62.4 1 0
github.com/pivotal-gss/mock-data/logger.go:68.32,69.38 1 0
github.com/pivotal-gss/mock-data/logger.go:69.38,71.23 2 0
github.com/pivotal-gss/mock-data/logger.go:74.3,74.22 1 0
github.com/pivotal-gss/mock-data/logger.go:71.23,73.4 1 0
github.com/pivotal-gss/mock-data/logger.go:79.48,80.38 1 12
github.com/pivotal-gss/mock-data/logger.go:80.38,82.23 2 12
github.com/pivotal-gss/mock-data/logger.go:85.3,85.31 1 12
github.com/pivotal-gss/mock-data/logger.go:82.23,84.4 1 0
github.com/pivotal-gss/mock-data/logger.go:101.49,102.39 1 0
github.com/pivotal-gss/mock-data/logger.go:102.39,104.23 2 0
github.com/pivotal-gss/mock-data/logger.go:107.3,107.32 1 0
github.com/pivotal-gss/mock-data/logger.go:104.23,106.4 1 0
github.com/pivotal-gss/mock-data/logger.go:112.33,113.39 1 0
github.com/pivotal-gss/mock-data/logger.go:113.39,115.23 2 0
github.com/pivotal-gss/mock-data/logger.go:118.3,118.23 1 0
github.com/pivotal-gss/mock-data/logger.go:115.23,117.4 1 0
github.com/pivotal-gss/mock-data/logger.go:123.49,124.39 1 0
github.com/pivotal-gss/mock-data/logger.go:124.39,126.23 2 0
github.com/pivotal-gss/mock-data/logger.go:129.3,129.32 1 0
github.com/pivotal-gss/mock-data/logger.go:126.23,128.4 1 0
github.com/pivotal-gss/mock-data/logger.go:157.32,159.9 2 1
github.com/pivotal-gss/mock-data/logger.go:168.2,168.41 1 1
github.com/pivotal-gss/mock-data/logger.go:159.9,162.3 2 0
github.com/pivotal-gss/mock-data/logger.go:162.8,164.17 2 1
github.com/pivotal-gss/mock-data/logger.go:164.17,166.4 1 1
github.com/pivotal-gss/mock-data/logger.go:172.31,182.13 5 0
github.com/pivotal-gss/mock-data/logger.go:182.13,184.3 1 0
github.com/pivotal-gss/mock-data/logger.go:184.8,186.3 1 0
github.com/pivotal-gss/mock-data/randomizer.go:19.13,22.2 1 1
github.com/pivotal-gss/mock-data/randomizer.go:25.38,28.24 3 45182
github.com/pivotal-gss/mock-data/randomizer.go:31.2,31.23 1 45182
github.com/pivotal-gss/mock-data/randomizer.go:28.24,30.3 1 454272
github.com/pivotal-gss/mock-data/randomizer.go:35.34,36.16 1 260486
github.com/pivotal-gss/mock-data/randomizer.go:39.2,39.30 1 260483
github.com/pivotal-gss/mock-data/randomizer.go:36.16,38.3 1 3
github.com/pivotal-gss/mock-data/randomizer.go:43.37,45.24 2 1043
github.com/pivotal-gss/mock-data/randomizer.go:48.2,48.15 1 1043
github.com/pivotal-gss/mock-data/randomizer.go:45.24,47.3 1 519619
github.com/pivotal-gss/mock-data/randomizer.go:52.51,56.2 3 26982
github.com/pivotal-gss/mock-data/randomizer.go:59.70,60.23 1 36439
github.com/pivotal-gss/mock-data/randomizer.go:63.2,67.31 5 36439
github.com/pivotal-gss/mock-data/randomizer.go:60.23,62.3 1 0
github.com/pivotal-gss/mock-data/randomizer.go:71.55,73.16 2 5701
github.com/pivotal-gss/mock-data/randomizer.go:76.2,76.44 1 5701
github.com/pivotal-gss/mock-data/randomizer.go:73.16,75.3 1 0
github.com/pivotal-gss/mock-data/randomizer.go:80.60,82.16 2 10887
github.com/pivotal-gss/mock-data/randomizer.go:85.2,85.53 1 10887
github.com/pivotal-gss/mock-data/randomizer.go:82.16,84.3 1 0
github.com/pivotal-gss/mock-data/randomizer.go:89.62,91.16 2 5946
github.com/pivotal-gss/mock-data/randomizer.go:94.2,94.60 1 5946
github.com/pivotal-gss/mock-data/randomizer.go:91.16,93.3 1 0
github.com/pivotal-gss/mock-data/randomizer.go:98.83,101.16 3 2022
github.com/pivotal-gss/mock-data/randomizer.go:105.2,105.31 1 2022
github.com/pivotal-gss/mock-data/randomizer.go:108.2,108.31 1 2022
github.com/pivotal-gss/mock-data/randomizer.go:111.2,111.15 1 2022
github.com/pivotal-gss/mock-data/randomizer.go:101.16,103.3 1 0
github.com/pivotal-gss/mock-data/randomizer.go:105.31,107.3 1 12108
github.com/pivotal-gss/mock-data/randomizer.go:108.31,110.3 1 2022
github.com/pivotal-gss/mock-data/randomizer.go:115.55,117.16 2 10389
github.com/pivotal-gss/mock-data/randomizer.go:120.2,120.42 1 10389
github.com/pivotal-gss/mock-data/randomizer.go:117.16,119.3 1 0
github.com/pivotal-gss/mock-data/randomizer.go:124.57,126.16 2 3513
github.com/pivotal-gss/mock-data/randomizer.go:129.2,129.49 1 3513
github.com/pivotal-gss/mock-data/randomizer.go:126.16,128.3 1 0
github.com/pivotal-gss/mock-data/randomizer.go:133.27,136.2 2 63258
github.com/pivotal-gss/mock-data/randomizer.go:139.32,142.2 2 1341
github.com/pivotal-gss/mock-data/randomizer.go:145.28,147.2 1 12
github.com/pivotal-gss/mock-data/randomizer.go:150.24,153.37 3 20136
github.com/pivotal-gss/mock-data/randomizer.go:156.2,156.11 1 20136
github.com/pivotal-gss/mock-data/randomizer.go:153.37,155.3 1 10036
github.com/pivotal-gss/mock-data/randomizer.go:160.32,162.27 2 9674
github.com/pivotal-gss/mock-data/randomizer.go:169.2,169.17 1 9674
github.com/pivotal-gss/mock-data/randomizer.go:162.27,163.22 1 49663
github.com/pivotal-gss/mock-data/randomizer.go:163.22,165.4 1 24727
github.com/pivotal-gss/mock-data/randomizer.go:165.9,167.4 1 24936
github.com/pivotal-gss/mock-data/randomizer.go:173.26,175.2 1 11167
github.com/pivotal-gss/mock-data/randomizer.go:178.32,183.2 1 2409
github.com/pivotal-gss/mock-data/randomizer.go:186.29,188.20 2 5532
github.com/pivotal-gss/mock-data/randomizer.go:189.9,190.49 1 1084
github.com/pivotal-gss/mock-data/randomizer.go:191.9,192.49 1 1096
github.com/pivotal-gss/mock-data/randomizer.go:193.9,194.49 1 1147
github.com/pivotal-gss/mock-data/randomizer.go:195.9,196.77 1 1103
github.com/pivotal-gss/mock-data/randomizer.go:197.10,198.83 1 1102
github.com/pivotal-gss/mock-data/randomizer.go:203.30,205.2 1 2888
github.com/pivotal-gss/mock-data/randomizer.go:208.81,210.25 2 22374
github.com/pivotal-gss/mock-data/randomizer.go:210.25,214.3 2 1702
github.com/pivotal-gss/mock-data/randomizer.go:214.8,214.33 1 20672
github.com/pivotal-gss/mock-data/randomizer.go:214.33,218.3 2 5600
github.com/pivotal-gss/mock-data/randomizer.go:218.8,223.3 2 15072
github.com/pivotal-gss/mock-data/randomizer.go:227.25,230.2 1 4839
github.com/pivotal-gss/mock-data/randomizer.go:233.26,237.44 4 2019
github.com/pivotal-gss/mock-data/randomizer.go:240.2,240.10 1 2019
github.com/pivotal-gss/mock-data/randomizer.go:237.44,239.3 1 975
github.com/pivotal-gss/mock-data/randomizer.go:244.40,257.15 2 6655
github.com/pivotal-gss/mock-data/randomizer.go:260.2,260.17 1 1075
github.com/pivotal-gss/mock-data/randomizer.go:257.15,259.3 1 5580
github.com/pivotal-gss/mock-data/randomizer.go:264.39,269.15 2 5743
github.com/pivotal-gss/mock-data/randomizer.go:272.2,272.16 1 1343
github.com/pivotal-gss/mock-data/randomizer.go:269.15,271.3 1 4400
github.com/pivotal-gss/mock-data/randomizer.go:276.47,277.17 1 3422
github.com/pivotal-gss/mock-data/randomizer.go:280.2,280.41 1 3421
github.com/pivotal-gss/mock-data/randomizer.go:277.17,279.3 1 1
github.com/pivotal-gss/mock-data/randomizer.go:284.39,285.12 1 3527
github.com/pivotal-gss/mock-data/randomizer.go:288.2,288.20 1 3526
github.com/pivotal-gss/mock-data/randomizer.go:285.12,287.3 1 1
github.com/pivotal-gss/mock-data/tables.go:9.25,16.51 3 6
github.com/pivotal-gss/mock-data/tables.go:21.2,21.113 1 6
github.com/pivotal-gss/mock-data/tables.go:16.51,19.3 2 600
github.com/pivotal-gss/mock-data/tables.go:25.39,28.2 1 603
github.com/pivotal-gss/mock-data/tables.go:31.50,35.34 3 602
github.com/pivotal-gss/mock-data/tables.go:42.2,49.39 4 602
github.com/pivotal-gss/mock-data/tables.go:55.2,55.38 1 602
github.com/pivotal-gss/mock-data/tables.go:60.2,60.88 1 602
github.com/pivotal-gss/mock-data/tables.go:35.34,37.3 1 1
github.com/pivotal-gss/mock-data/tables.go:37.8,39.3 1 601
github.com/pivotal-gss/mock-data/tables.go:49.39,52.3 1 3388
github.com/pivotal-gss/mock-data/tables.go:55.38,57.3 1 0
github.com/pivotal-gss/mock-data/tables.go:64.25,70.16 4 600
github.com/pivotal-gss/mock-data/tables.go:70.16,72.3 1 0
github.com/pivotal-gss/mock-data/tables.go:76.19,81.2 4 0
github.com/pivotal-gss/mock-data/tables.go:84.35,93.26 5 8
github.com/pivotal-gss/mock-data/tables.go:111.2,111.55 1 8
github.com/pivotal-gss/mock-data/tables.go:93.26,96.36 1 17
github.com/pivotal-gss/mock-data/tables.go:101.3,104.17 2 17
github.com/pivotal-gss/mock-data/tables.go:109.3,109.52 1 17
github.com/pivotal-gss/mock-data/tables.go:96.36,98.4 1 6
github.com/pivotal-gss/mock-data/tables.go:104.17,106.4 1 0
github.com/pivotal-gss/mock-data/cmd.go:58.60,63.26 2 0
github.com/pivotal-gss/mock-data/cmd.go:68.3,72.63 2 0
github.com/pivotal-gss/mock-data/cmd.go:79.3,82.97 2 0
github.com/pivotal-gss/mock-data/cmd.go:63.26,65.4 1 0
github.com/pivotal-gss/mock-data/cmd.go:72.63,75.4 1 0
github.com/pivotal-gss/mock-data/cmd.go:84.47,86.3 1 0
github.com/pivotal-gss/mock-data/cmd.go:95.50,97.62 1 0
github.com/pivotal-gss/mock-data/cmd.go:97.62,99.4 1 0
github.com/pivotal-gss/mock-data/cmd.go:101.51,103.3 1 0
github.com/pivotal-gss/mock-data/cmd.go:104.47,106.27 1 0
github.com/pivotal-gss/mock-data/cmd.go:110.3,110.36 1 0
github.com/pivotal-gss/mock-data/cmd.go:106.27,108.4 1 0
github.com/pivotal-gss/mock-data/cmd.go:110.36,112.4 1 0
github.com/pivotal-gss/mock-data/cmd.go:122.50,124.84 1 0
github.com/pivotal-gss/mock-data/cmd.go:128.3,128.84 1 0
github.com/pivotal-gss/mock-data/cmd.go:132.3,132.69 1 0
github.com/pivotal-gss/mock-data/cmd.go:136.3,136.69 1 0
github.com/pivotal-gss/mock-data/cmd.go:140.3,140.102 1 0
github.com/pivotal-gss/mock-data/cmd.go:144.3,144.47 1 0
github.com/pivotal-gss/mock-data/cmd.go:148.3,148.39 1 0
github.com/pivotal-gss/mock-data/cmd.go:124.84,126.4 1 0
github.com/pivotal-gss/mock-data/cmd.go:128.84,130.4 1 0
github.com/pivotal-gss/mock-data/cmd.go:132.69,134.4 1 0
github.com/pivotal-gss/mock-data/cmd.go:136.69,138.4 1 0
github.com/pivotal-gss/mock-data/cmd.go:140.102,142.4 1 0
github.com/pivotal-gss/mock-data/cmd.go:144.47,146.4 1 0
github.com/pivotal-gss/mock-data/cmd.go:148.39,150.4 1 0
github.com/pivotal-gss/mock-data/cmd.go:152.51,154.3 1 0
github.com/pivotal-gss/mock-data/cmd.go:155.47,157.35 1 0
github.com/pivotal-gss/mock-data/cmd.go:161.3,161.52 1 0
github.com/pivotal-gss/mock-data/cmd.go:157.35,159.4 1 0
github.com/pivotal-gss/mock-data/cmd.go:161.52,163.4 1 0
github.com/pivotal-gss/mock-data/cmd.go:173.51,175.3 1 0
github.com/pivotal-gss/mock-data/cmd.go:176.47,179.3 1 0
github.com/pivotal-gss/mock-data/cmd.go:188.51,190.3 1 0
github.com/pivotal-gss/mock-data/cmd.go:191.50,193.85 1 0
github.com/pivotal-gss/mock-data/cmd.go:197.3,197.87 1 0
github.com/pivotal-gss/mock-data/cmd.go:193.85,195.4 1 0
github.com/pivotal-gss/mock-data/cmd.go:197.87,199.4 1 0
github.com/pivotal-gss/mock-data/cmd.go:201.47,203.52 1 0
github.com/pivotal-gss/mock-data/cmd.go:206.3,206.38 1 0
github.com/pivotal-gss/mock-data/cmd.go:203.52,205.4 1 0
github.com/pivotal-gss/mock-data/cmd.go:206.38,208.4 1 0
github.com/pivotal-gss/mock-data/cmd.go:213.13,279.2 29 1
github.com/pivotal-gss/mock-data/constraintsRestore.go:21.23,25.27 2 9
github.com/pivotal-gss/mock-data/constraintsRestore.go:46.2,46.26 1 9
github.com/pivotal-gss/mock-data/constraintsRestore.go:25.27,30.43 5 27
github.com/pivotal-gss/mock-data/constraintsRestore.go:30.43,31.11 1 676
github.com/pivotal-gss/mock-data/constraintsRestore.go:41.4,41.18 1 676
github.com/pivotal-gss/mock-data/constraintsRestore.go:32.24,33.17 1 199
github.com/pivotal-gss/mock-data/constraintsRestore.go:34.23,35.17 1 255
github.com/pivotal-gss/mock-data/constraintsRestore.go:38.24,39.17 1 222
github.com/pivotal-gss/mock-data/constraintsRestore.go:50.29,57.16 5 497
github.com/pivotal-gss/mock-data/constraintsRestore.go:60.2,62.49 2 497
github.com/pivotal-gss/mock-data/constraintsRestore.go:57.16,59.3 1 0
github.com/pivotal-gss/mock-data/constraintsRestore.go:62.49,65.25 2 518
github.com/pivotal-gss/mock-data/constraintsRestore.go:80.3,80.14 1 518
github.com/pivotal-gss/mock-data/constraintsRestore.go:65.25,74.29 3 21
github.com/pivotal-gss/mock-data/constraintsRestore.go:74.29,76.5 1 21
github.com/pivotal-gss/mock-data/constraintsRestore.go:85.45,89.32 2 23
github.com/pivotal-gss/mock-data/constraintsRestore.go:89.32,92.17 2 63
github.com/pivotal-gss/mock-data/constraintsRestore.go:97.3,97.59 1 63
github.com/pivotal-gss/mock-data/constraintsRestore.go:92.17,94.4 1 0
github.com/pivotal-gss/mock-data/constraintsRestore.go:102.30,125.25 9 241
github.com/pivotal-gss/mock-data/constraintsRestore.go:125.25,131.25 2 265
github.com/pivotal-gss/mock-data/constraintsRestore.go:131.25,133.32 2 24
github.com/pivotal-gss/mock-data/constraintsRestore.go:133.32,135.5 1 1951
github.com/pivotal-gss/mock-data/constraintsRestore.go:142.55,145.16 2 260
github.com/pivotal-gss/mock-data/constraintsRestore.go:150.2,151.16 2 260
github.com/pivotal-gss/mock-data/constraintsRestore.go:154.2,158.16 3 260
github.com/pivotal-gss/mock-data/constraintsRestore.go:163.2,167.54 4 260
github.com/pivotal-gss/mock-data/constraintsRestore.go:145.16,147.3 1 0
github.com/pivotal-gss/mock-data/constraintsRestore.go:151.16,153.3 1 0
github.com/pivotal-gss/mock-data/constraintsRestore.go:158.16,160.3 1 0
github.com/pivotal-gss/mock-data/constraintsRestore.go:171.44,172.35 1 3019
github.com/pivotal-gss/mock-data/constraintsRestore.go:177.2,177.14 1 240
github.com/pivotal-gss/mock-data/constraintsRestore.go:172.35,173.77 1 5257
github.com/pivotal-gss/mock-data/constraintsRestore.go:173.77,175.4 1 2779
github.com/pivotal-gss/mock-data/constraintsRestore.go:181.31,187.34 4 10
github.com/pivotal-gss/mock-data/constraintsRestore.go:228.2,228.14 1 10
github.com/pivotal-gss/mock-data/constraintsRestore.go:187.34,189.17 2 40
github.com/pivotal-gss/mock-data/constraintsRestore.go:194.3,194.26 1 40
github.com/pivotal-gss/mock-data/constraintsRestore.go:189.17,191.4 1 0
github.com/pivotal-gss/mock-data/constraintsRestore.go:194.26,197.18 3 40
github.com/pivotal-gss/mock-data/constraintsRestore.go:202.4,207.37 2 40
github.com/pivotal-gss/mock-data/constraintsRestore.go:197.18,199.5 1 0
github.com/pivotal-gss/mock-data/constraintsRestore.go:207.37,209.65 2 3112
github.com/pivotal-gss/mock-data/constraintsRestore.go:223.5,223.19 1 3112
github.com/pivotal-gss/mock-data/constraintsRestore.go:209.65,214.27 3 239
github.com/pivotal-gss/mock-data/constraintsRestore.go:214.27,216.21 2 232
github.com/pivotal-gss/mock-data/constraintsRestore.go:220.7,220.22 1 232
github.com/pivotal-gss/mock-data/constraintsRestore.go:216.21,219.8 1 0
github.com/pivotal-gss/mock-data/constraintsRestore.go:228.14,231.3 1 10
github.com/pivotal-gss/mock-data/constraintsRestore.go:241.56,245.113 2 239
github.com/pivotal-gss/mock-data/constraintsRestore.go:261.2,261.14 1 106
github.com/pivotal-gss/mock-data/constraintsRestore.go:245.113,249.17 3 133
github.com/pivotal-gss/mock-data/constraintsRestore.go:253.3,254.17 2 7
github.com/pivotal-gss/mock-data/constraintsRestore.go:259.3,259.14 1 7
github.com/pivotal-gss/mock-data/constraintsRestore.go:249.17,252.4 2 126
github.com/pivotal-gss/mock-data/constraintsRestore.go:254.17,257.4 2 0
github.com/pivotal-gss/mock-data/constraintsRestore.go:265.57,271.43 4 136
github.com/pivotal-gss/mock-data/constraintsRestore.go:276.2,280.28 3 136
github.com/pivotal-gss/mock-data/constraintsRestore.go:288.2,288.22 1 136
github.com/pivotal-gss/mock-data/constraintsRestore.go:271.43,273.3 1 75
github.com/pivotal-gss/mock-data/constraintsRestore.go:281.12,283.68 2 61
github.com/pivotal-gss/mock-data/constraintsRestore.go:284.13,286.50 2 75
github.com/pivotal-gss/mock-data/custom.go:33.55,160.2 1 155
github.com/pivotal-gss/mock-data/custom.go:163.25,171.24 4 1
github.com/pivotal-gss/mock-data/custom.go:171.24,175.3 3 1
github.com/pivotal-gss/mock-data/custom.go:175.8,177.3 1 0
github.com/pivotal-gss/mock-data/custom.go:181.59,184.27 3 2
github.com/pivotal-gss/mock-data/custom.go:198.2,198.10 1 2
github.com/pivotal-gss/mock-data/custom.go:184.27,189.31 2 2
github.com/pivotal-gss/mock-data/custom.go:196.3,196.34 1 2
github.com/pivotal-gss/mock-data/custom.go:189.31,195.4 2 8
github.com/pivotal-gss/mock-data/custom.go:202.52,208.16 4 1
github.com/pivotal-gss/mock-data/custom.go:213.2,214.16 2 1
github.com/pivotal-gss/mock-data/custom.go:218.2,218.60 1 1
github.com/pivotal-gss/mock-data/custom.go:208.16,210.3 1 0
github.com/pivotal-gss/mock-data/custom.go:214.16,216.3 1 0
github.com/pivotal-gss/mock-data/custom.go:222.20,234.2 5 0
github.com/pivotal-gss/mock-data/custom.go:237.40,243.16 4 1
github.com/pivotal-gss/mock-data/custom.go:248.2,249.16 2 1
github.com/pivotal-gss/mock-data/custom.go:243.16,245.3 1 0
github.com/pivotal-gss/mock-data/custom.go:249.16,251.3 1 0
github.com/pivotal-gss/mock-data/custom.go:255.54,262.28 3 154
github.com/pivotal-gss/mock-data/custom.go:269.2,269.11 1 0
github.com/pivotal-gss/mock-data/custom.go:262.28,264.10 2 154
github.com/pivotal-gss/mock-data/custom.go:267.3,267.14 1 154
github.com/pivotal-gss/mock-data/custom.go:264.10,266.4 1 0
github.com/pivotal-gss/mock-data/custom.go:273.46,280.29 4 1
github.com/pivotal-gss/mock-data/custom.go:280.29,289.40 4 1
github.com/pivotal-gss/mock-data/custom.go:289.40,294.31 3 30
github.com/pivotal-gss/mock-data/custom.go:319.4,320.18 2 30
github.com/pivotal-gss/mock-data/custom.go:294.31,297.28 3 120
github.com/pivotal-gss/mock-data/custom.go:314.5,315.46 2 120
github.com/pivotal-gss/mock-data/custom.go:297.28,299.6 1 30
github.com/pivotal-gss/mock-data/custom.go:299.11,299.43 1 90
github.com/pivotal-gss/mock-data/custom.go:299.43,301.6 1 30
github.com/pivotal-gss/mock-data/custom.go:301.11,303.20 2 60
github.com/pivotal-gss/mock-data/custom.go:303.20,304.76 1 0
github.com/pivotal-gss/mock-data/custom.go:304.76,308.32 4 0
github.com/pivotal-gss/mock-data/custom.go:309.13,311.8 1 0
github.com/pivotal-gss/mock-data/database.go:9.38,13.18 2 19
github.com/pivotal-gss/mock-data/database.go:13.18,16.17 3 18
github.com/pivotal-gss/mock-data/database.go:16.17,21.4 3 0
github.com/pivotal-gss/mock-data/database.go:27.28,35.39 4 17
github.com/pivotal-gss/mock-data/database.go:40.2,40.16 1 17
github.com/pivotal-gss/mock-data/database.go:47.2,47.82 1 17
github.com/pivotal-gss/mock-data/database.go:35.39,37.3 1 17
github.com/pivotal-gss/mock-data/database.go:37.8,39.3 1 0
github.com/pivotal-gss/mock-data/database.go:40.16,45.3 3 0
github.com/pivotal-gss/mock-data/database.go:51.21,56.2 3 1
github.com/pivotal-gss/mock-data/database.go:59.53,64.39 3 4
github.com/pivotal-gss/mock-data/database.go:70.2,70.15 1 4
github.com/pivotal-gss/mock-data/database.go:64.39,66.3 1 4
github.com/pivotal-gss/mock-data/database.go:66.8,68.3 1 0
github.com/pivotal-gss/mock-data/helpers.go:24.23,26.2 1 2
github.com/pivotal-gss/mock-data/helpers.go:29.25,30.36 1 9116
github.com/pivotal-gss/mock-data/helpers.go:38.2,45.4 3 9115
github.com/pivotal-gss/mock-data/helpers.go:30.36,32.17 2 1
github.com/pivotal-gss/mock-data/helpers.go:35.3,35.25 1 1
github.com/pivotal-gss/mock-data/helpers.go:32.17,34.4 1 0
github.com/pivotal-gss/mock-data/helpers.go:49.48,56.2 3 6582
github.com/pivotal-gss/mock-data/helpers.go:59.22,60.40 1 9122
github.com/pivotal-gss/mock-data/helpers.go:63.2,63.40 1 9122
github.com/pivotal-gss/mock-data/helpers.go:66.2,66.40 1 9122
github.com/pivotal-gss/mock-data/helpers.go:69.2,69.26 1 9122
github.com/pivotal-gss/mock-data/helpers.go:72.2,72.40 1 9122
github.com/pivotal-gss/mock-data/helpers.go:60.40,62.3 1 5
github.com/pivotal-gss/mock-data/helpers.go:63.40,65.3 1 5
github.com/pivotal-gss/mock-data/helpers.go:66.40,68.3 1 5
github.com/pivotal-gss/mock-data/helpers.go:69.26,71.3 1 5
github.com/pivotal-gss/mock-data/helpers.go:72.40,74.3 1 5
github.com/pivotal-gss/mock-data/helpers.go:78.35,80.2 1 48727
github.com/pivotal-gss/mock-data/helpers.go:83.70,85.64 1 342
github.com/pivotal-gss/mock-data/helpers.go:89.2,90.41 1 1
github.com/pivotal-gss/mock-data/helpers.go:85.64,87.3 1 341
github.com/pivotal-gss/mock-data/helpers.go:90.41,92.4 1 1
github.com/pivotal-gss/mock-data/helpers.go:110.47,113.16 2 1219
github.com/pivotal-gss/mock-data/helpers.go:116.2,116.36 1 1219
github.com/pivotal-gss/mock-data/helpers.go:113.16,115.3 1 0
github.com/pivotal-gss/mock-data/helpers.go:122.54,123.15 1 22382
github.com/pivotal-gss/mock-data/helpers.go:126.2,126.10 1 6724
github.com/pivotal-gss/mock-data/helpers.go:123.15,125.3 1 15658
github.com/pivotal-gss/mock-data/helpers.go:130.35,144.19 6 1
github.com/pivotal-gss/mock-data/helpers.go:160.2,160.11 1 0
github.com/pivotal-gss/mock-data/helpers.go:144.19,149.53 2 1
github.com/pivotal-gss/mock-data/helpers.go:149.53,151.4 1 1
github.com/pivotal-gss/mock-data/helpers.go:151.9,151.60 1 0
github.com/pivotal-gss/mock-data/helpers.go:151.60,154.4 2 0
github.com/pivotal-gss/mock-data/helpers.go:154.9,157.4 2 0
github.com/pivotal-gss/mock-data/helpers.go:164.65,165.38 1 37
github.com/pivotal-gss/mock-data/helpers.go:165.38,167.3 1 0
github.com/pivotal-gss/mock-data/helpers.go:173.59,175.28 2 13763
github.com/pivotal-gss/mock-data/helpers.go:178.2,178.10 1 13763
github.com/pivotal-gss/mock-data/helpers.go:175.28,177.3 1 1
github.com/pivotal-gss/mock-data/helpers.go:182.50,184.56 1 11347
github.com/pivotal-gss/mock-data/helpers.go:190.2,194.16 5 11347
github.com/pivotal-gss/mock-data/helpers.go:197.2,198.16 2 11345
github.com/pivotal-gss/mock-data/helpers.go:201.2,201.18 1 11345
github.com/pivotal-gss/mock-data/helpers.go:184.56,186.3 1 805
github.com/pivotal-gss/mock-data/helpers.go:186.8,186.64 1 10542
github.com/pivotal-gss/mock-data/helpers.go:186.64,188.3 1 7988
github.com/pivotal-gss/mock-data/helpers.go:194.16,196.3 1 2
github.com/pivotal-gss/mock-data/helpers.go:198.16,200.3 1 0
github.com/pivotal-gss/mock-data/helpers.go:205.58,208.17 3 1554
github.com/pivotal-gss/mock-data/helpers.go:211.2,211.80 1 0
github.com/pivotal-gss/mock-data/helpers.go:208.17,210.3 1 1554
github.com/pivotal-gss/mock-data/helpers.go:215.57,217.2 1 1501
github.com/pivotal-gss/mock-data/helpers.go:220.66,224.28 3 637
github.com/pivotal-gss/mock-data/helpers.go:228.2,228.10 1 633
github.com/pivotal-gss/mock-data/helpers.go:224.28,227.3 2 4
github.com/pivotal-gss/mock-data/helpers.go:232.37,236.2 3 21893
github.com/pivotal-gss/mock-data/helpers.go:239.67,242.2 2 244
github.com/pivotal-gss/mock-data/helpers.go:245.55,247.26 2 9
github.com/pivotal-gss/mock-data/helpers.go:250.2,251.11 2 9
github.com/pivotal-gss/mock-data/helpers.go:247.26,249.3 1 197
github.com/pivotal-gss/mock-data/helpers.go:255.56,257.26 2 241350
github.com/pivotal-gss/mock-data/helpers.go:262.2,263.11 2 241350
github.com/pivotal-gss/mock-data/helpers.go:257.26,258.33 1 750921
github.com/pivotal-gss/mock-data/helpers.go:258.33,260.4 1 36835
github.com/pivotal-gss/mock-data/helpers.go:267.38,272.17 5 11261
github.com/pivotal-gss/mock-data/helpers.go:280.2,280.25 1 11261
github.com/pivotal-gss/mock-data/helpers.go:272.17,274.17 2 9997
github.com/pivotal-gss/mock-data/helpers.go:274.17,276.4 1 0
github.com/pivotal-gss/mock-data/helpers.go:277.8,279.3 1 1264
github.com/pivotal-gss/mock-data/helpers.go:284.19,285.23 1 0
github.com/pivotal-gss/mock-data/helpers.go:285.23,287.3 1 0
